<?xml version="1.0" encoding="UTF-8"?>
<!-- Generated by org.testng.reporters.JUnitXMLReporter -->
<testsuite ignored="0" hostname="DELL-PC" failures="0" tests="6" name="Test1" time="117.842" errors="0" timestamp="20 Oct 2022 07:59:56 GMT">
  <testcase classname="com.mavenproject.testCases.TC_LoginTest_001" name="loginTest" time="15.587"/>
  <testcase classname="com.mavenproject.testCases.TC_LoginDDT_002" name="loginTest" time="15.866"/>
  <testcase classname="com.mavenproject.testCases.TC_LoginDDT_002" name="loginTest" time="13.6"/>
  <testcase classname="com.mavenproject.testCases.TC_LoginDDT_002" name="loginTest" time="22.067"/>
  <testcase classname="com.mavenproject.testCases.TC_LoginDDT_002" name="loginTest" time="13.337"/>
  <testcase classname="com.mavenproject.testCases.TC_AddCustomerTest_003" name="addNewCustomer" time="28.119"/>
</testsuite> <!-- Test1 -->
