<?xml version="1.0" encoding="UTF-8"?>
<!-- Generated by org.testng.reporters.JUnitXMLReporter -->
<testsuite ignored="0" hostname="DELL-PC" failures="0" tests="6" name="Test1" time="93.798" errors="0" timestamp="20 Oct 2022 10:59:53 GMT">
  <testcase classname="com.mavenproject.testCases.TC_LoginTest_001" name="loginTest" time="16.187"/>
  <testcase classname="com.mavenproject.testCases.TC_LoginDDT_002" name="loginTest" time="13.333"/>
  <testcase classname="com.mavenproject.testCases.TC_LoginDDT_002" name="loginTest" time="11.378"/>
  <testcase classname="com.mavenproject.testCases.TC_LoginDDT_002" name="loginTest" time="11.752"/>
  <testcase classname="com.mavenproject.testCases.TC_LoginDDT_002" name="loginTest" time="11.948"/>
  <testcase classname="com.mavenproject.testCases.TC_AddCustomerTest_003" name="addNewCustomer" time="16.797"/>
</testsuite> <!-- Test1 -->
