<?xml version="1.0" encoding="UTF-8"?>
<testng-results ignored="0" total="6" passed="6" failed="0" skipped="0">
  <reporter-output>
  </reporter-output>
  <suite started-at="2022-10-20T10:58:20Z" name="MavenProject" finished-at="2022-10-20T10:59:53Z" duration-ms="93798">
    <groups>
    </groups>
    <test started-at="2022-10-20T10:58:20Z" name="Test1" finished-at="2022-10-20T10:59:53Z" duration-ms="93798">
      <class name="com.mavenproject.testCases.TC_LoginDDT_002">
        <test-method is-config="true" signature="setup(java.lang.String)[pri:0, instance:com.mavenproject.testCases.TC_LoginDDT_002@481a15ff]" started-at="2022-10-20T10:58:41Z" name="setup" finished-at="2022-10-20T10:58:44Z" duration-ms="2941" status="PASS">
          <params>
            <param index="0">
              <value>
                <![CDATA[chrome]]>
              </value>
            </param>
          </params>
          <reporter-output>
          </reporter-output>
        </test-method> <!-- setup -->
        <test-method signature="loginTest(java.lang.String, java.lang.String)[pri:0, instance:com.mavenproject.testCases.TC_LoginDDT_002@481a15ff]" started-at="2022-10-20T10:58:46Z" name="loginTest" data-provider="LoginData" finished-at="2022-10-20T10:58:59Z" duration-ms="13333" status="PASS">
          <params>
            <param index="0">
              <value>
                <![CDATA[admin@yourstore.com ]]>
              </value>
            </param>
            <param index="1">
              <value>
                <![CDATA[admin]]>
              </value>
            </param>
          </params>
          <reporter-output>
          </reporter-output>
        </test-method> <!-- loginTest -->
        <test-method signature="loginTest(java.lang.String, java.lang.String)[pri:0, instance:com.mavenproject.testCases.TC_LoginDDT_002@481a15ff]" started-at="2022-10-20T10:58:59Z" name="loginTest" data-provider="LoginData" finished-at="2022-10-20T10:59:11Z" duration-ms="11378" status="PASS">
          <params>
            <param index="0">
              <value>
                <![CDATA[admin@yourstore.com ]]>
              </value>
            </param>
            <param index="1">
              <value>
                <![CDATA[adm]]>
              </value>
            </param>
          </params>
          <reporter-output>
          </reporter-output>
        </test-method> <!-- loginTest -->
        <test-method signature="loginTest(java.lang.String, java.lang.String)[pri:0, instance:com.mavenproject.testCases.TC_LoginDDT_002@481a15ff]" started-at="2022-10-20T10:59:11Z" name="loginTest" data-provider="LoginData" finished-at="2022-10-20T10:59:22Z" duration-ms="11752" status="PASS">
          <params>
            <param index="0">
              <value>
                <![CDATA[adm@yourstore.com]]>
              </value>
            </param>
            <param index="1">
              <value>
                <![CDATA[admin]]>
              </value>
            </param>
          </params>
          <reporter-output>
          </reporter-output>
        </test-method> <!-- loginTest -->
        <test-method signature="loginTest(java.lang.String, java.lang.String)[pri:0, instance:com.mavenproject.testCases.TC_LoginDDT_002@481a15ff]" started-at="2022-10-20T10:59:22Z" name="loginTest" data-provider="LoginData" finished-at="2022-10-20T10:59:34Z" duration-ms="11948" status="PASS">
          <params>
            <param index="0">
              <value>
                <![CDATA[adm@yourstore.com]]>
              </value>
            </param>
            <param index="1">
              <value>
                <![CDATA[adm]]>
              </value>
            </param>
          </params>
          <reporter-output>
          </reporter-output>
        </test-method> <!-- loginTest -->
        <test-method is-config="true" signature="teardown()[pri:0, instance:com.mavenproject.testCases.TC_LoginDDT_002@481a15ff]" started-at="2022-10-20T10:59:34Z" name="teardown" finished-at="2022-10-20T10:59:34Z" duration-ms="85" status="PASS">
          <reporter-output>
          </reporter-output>
        </test-method> <!-- teardown -->
      </class> <!-- com.mavenproject.testCases.TC_LoginDDT_002 -->
      <class name="com.mavenproject.testCases.TC_AddCustomerTest_003">
        <test-method is-config="true" signature="setup(java.lang.String)[pri:0, instance:com.mavenproject.testCases.TC_AddCustomerTest_003@78186a70]" started-at="2022-10-20T10:59:34Z" name="setup" finished-at="2022-10-20T10:59:36Z" duration-ms="2104" status="PASS">
          <params>
            <param index="0">
              <value>
                <![CDATA[chrome]]>
              </value>
            </param>
          </params>
          <reporter-output>
          </reporter-output>
        </test-method> <!-- setup -->
        <test-method signature="addNewCustomer()[pri:0, instance:com.mavenproject.testCases.TC_AddCustomerTest_003@78186a70]" started-at="2022-10-20T10:59:36Z" name="addNewCustomer" finished-at="2022-10-20T10:59:53Z" duration-ms="16797" status="PASS">
          <reporter-output>
          </reporter-output>
        </test-method> <!-- addNewCustomer -->
        <test-method is-config="true" signature="teardown()[pri:0, instance:com.mavenproject.testCases.TC_AddCustomerTest_003@78186a70]" started-at="2022-10-20T10:59:53Z" name="teardown" finished-at="2022-10-20T10:59:53Z" duration-ms="113" status="PASS">
          <reporter-output>
          </reporter-output>
        </test-method> <!-- teardown -->
      </class> <!-- com.mavenproject.testCases.TC_AddCustomerTest_003 -->
      <class name="com.mavenproject.testCases.TC_LoginTest_001">
        <test-method is-config="true" signature="setup(java.lang.String)[pri:0, instance:com.mavenproject.testCases.TC_LoginTest_001@646007f4]" started-at="2022-10-20T10:58:20Z" name="setup" finished-at="2022-10-20T10:58:25Z" duration-ms="4960" status="PASS">
          <params>
            <param index="0">
              <value>
                <![CDATA[chrome]]>
              </value>
            </param>
          </params>
          <reporter-output>
          </reporter-output>
        </test-method> <!-- setup -->
        <test-method signature="loginTest()[pri:0, instance:com.mavenproject.testCases.TC_LoginTest_001@646007f4]" started-at="2022-10-20T10:58:25Z" name="loginTest" finished-at="2022-10-20T10:58:41Z" duration-ms="16187" status="PASS">
          <reporter-output>
          </reporter-output>
        </test-method> <!-- loginTest -->
        <test-method is-config="true" signature="teardown()[pri:0, instance:com.mavenproject.testCases.TC_LoginTest_001@646007f4]" started-at="2022-10-20T10:58:41Z" name="teardown" finished-at="2022-10-20T10:58:41Z" duration-ms="88" status="PASS">
          <reporter-output>
          </reporter-output>
        </test-method> <!-- teardown -->
      </class> <!-- com.mavenproject.testCases.TC_LoginTest_001 -->
    </test> <!-- Test1 -->
  </suite> <!-- MavenProject -->
</testng-results>
