<?xml version="1.0" encoding="UTF-8"?>
<testsuite name="TestSuite" time="46.341" tests="6" errors="0" skipped="0" failures="0">
  <properties>
[...]
</properties>
  <testcase name="loginTest" classname="com.mavenproject.testCases.TC_LoginTest_001" time="16.206"/>
  <testcase name="loginTest" classname="com.mavenproject.testCases.TC_LoginDDT_002" time="13.336"/>
  <testcase name="loginTest" classname="com.mavenproject.testCases.TC_LoginDDT_002" time="11.373"/>
  <testcase name="loginTest" classname="com.mavenproject.testCases.TC_LoginDDT_002" time="11.757"/>
  <testcase name="loginTest" classname="com.mavenproject.testCases.TC_LoginDDT_002" time="11.944"/>
  <testcase name="addNewCustomer" classname="com.mavenproject.testCases.TC_AddCustomerTest_003" time="16.799"/>
</testsuite>