<?xml version="1.0" encoding="UTF-8"?>
<testng-results ignored="0" total="6" passed="6" failed="0" skipped="0">
  <reporter-output>
  </reporter-output>
  <suite started-at="2022-10-20T07:57:58Z" name="MavenProject" finished-at="2022-10-20T07:59:56Z" duration-ms="117842">
    <groups>
    </groups>
    <test started-at="2022-10-20T07:57:58Z" name="Test1" finished-at="2022-10-20T07:59:56Z" duration-ms="117842">
      <class name="com.mavenproject.testCases.TC_LoginDDT_002">
        <test-method is-config="true" signature="setup(java.lang.String)[pri:0, instance:com.mavenproject.testCases.TC_LoginDDT_002@7ff95560]" started-at="2022-10-20T07:58:17Z" name="setup" finished-at="2022-10-20T07:58:19Z" duration-ms="1964" status="PASS">
          <params>
            <param index="0">
              <value>
                <![CDATA[chrome]]>
              </value>
            </param>
          </params>
          <reporter-output>
          </reporter-output>
        </test-method> <!-- setup -->
        <test-method signature="loginTest(java.lang.String, java.lang.String)[pri:0, instance:com.mavenproject.testCases.TC_LoginDDT_002@7ff95560]" started-at="2022-10-20T07:58:21Z" name="loginTest" data-provider="LoginData" finished-at="2022-10-20T07:58:37Z" duration-ms="15866" status="PASS">
          <params>
            <param index="0">
              <value>
                <![CDATA[admin@yourstore.com ]]>
              </value>
            </param>
            <param index="1">
              <value>
                <![CDATA[admin]]>
              </value>
            </param>
          </params>
          <reporter-output>
          </reporter-output>
        </test-method> <!-- loginTest -->
        <test-method signature="loginTest(java.lang.String, java.lang.String)[pri:0, instance:com.mavenproject.testCases.TC_LoginDDT_002@7ff95560]" started-at="2022-10-20T07:58:37Z" name="loginTest" data-provider="LoginData" finished-at="2022-10-20T07:58:50Z" duration-ms="13600" status="PASS">
          <params>
            <param index="0">
              <value>
                <![CDATA[admin@yourstore.com ]]>
              </value>
            </param>
            <param index="1">
              <value>
                <![CDATA[adm]]>
              </value>
            </param>
          </params>
          <reporter-output>
          </reporter-output>
        </test-method> <!-- loginTest -->
        <test-method signature="loginTest(java.lang.String, java.lang.String)[pri:0, instance:com.mavenproject.testCases.TC_LoginDDT_002@7ff95560]" started-at="2022-10-20T07:58:50Z" name="loginTest" data-provider="LoginData" finished-at="2022-10-20T07:59:12Z" duration-ms="22067" status="PASS">
          <params>
            <param index="0">
              <value>
                <![CDATA[adm@yourstore.com]]>
              </value>
            </param>
            <param index="1">
              <value>
                <![CDATA[admin]]>
              </value>
            </param>
          </params>
          <reporter-output>
          </reporter-output>
        </test-method> <!-- loginTest -->
        <test-method signature="loginTest(java.lang.String, java.lang.String)[pri:0, instance:com.mavenproject.testCases.TC_LoginDDT_002@7ff95560]" started-at="2022-10-20T07:59:12Z" name="loginTest" data-provider="LoginData" finished-at="2022-10-20T07:59:26Z" duration-ms="13337" status="PASS">
          <params>
            <param index="0">
              <value>
                <![CDATA[adm@yourstore.com]]>
              </value>
            </param>
            <param index="1">
              <value>
                <![CDATA[adm]]>
              </value>
            </param>
          </params>
          <reporter-output>
          </reporter-output>
        </test-method> <!-- loginTest -->
        <test-method is-config="true" signature="teardown()[pri:0, instance:com.mavenproject.testCases.TC_LoginDDT_002@7ff95560]" started-at="2022-10-20T07:59:26Z" name="teardown" finished-at="2022-10-20T07:59:26Z" duration-ms="95" status="PASS">
          <reporter-output>
          </reporter-output>
        </test-method> <!-- teardown -->
      </class> <!-- com.mavenproject.testCases.TC_LoginDDT_002 -->
      <class name="com.mavenproject.testCases.TC_AddCustomerTest_003">
        <test-method is-config="true" signature="setup(java.lang.String)[pri:0, instance:com.mavenproject.testCases.TC_AddCustomerTest_003@add0edd]" started-at="2022-10-20T07:59:26Z" name="setup" finished-at="2022-10-20T07:59:28Z" duration-ms="1978" status="PASS">
          <params>
            <param index="0">
              <value>
                <![CDATA[chrome]]>
              </value>
            </param>
          </params>
          <reporter-output>
          </reporter-output>
        </test-method> <!-- setup -->
        <test-method signature="addNewCustomer()[pri:0, instance:com.mavenproject.testCases.TC_AddCustomerTest_003@add0edd]" started-at="2022-10-20T07:59:28Z" name="addNewCustomer" finished-at="2022-10-20T07:59:56Z" duration-ms="28119" status="PASS">
          <reporter-output>
          </reporter-output>
        </test-method> <!-- addNewCustomer -->
        <test-method is-config="true" signature="teardown()[pri:0, instance:com.mavenproject.testCases.TC_AddCustomerTest_003@add0edd]" started-at="2022-10-20T07:59:56Z" name="teardown" finished-at="2022-10-20T07:59:56Z" duration-ms="127" status="PASS">
          <reporter-output>
          </reporter-output>
        </test-method> <!-- teardown -->
      </class> <!-- com.mavenproject.testCases.TC_AddCustomerTest_003 -->
      <class name="com.mavenproject.testCases.TC_LoginTest_001">
        <test-method is-config="true" signature="setup(java.lang.String)[pri:0, instance:com.mavenproject.testCases.TC_LoginTest_001@1198b989]" started-at="2022-10-20T07:57:58Z" name="setup" finished-at="2022-10-20T07:58:01Z" duration-ms="3078" status="PASS">
          <params>
            <param index="0">
              <value>
                <![CDATA[chrome]]>
              </value>
            </param>
          </params>
          <reporter-output>
          </reporter-output>
        </test-method> <!-- setup -->
        <test-method signature="loginTest()[pri:0, instance:com.mavenproject.testCases.TC_LoginTest_001@1198b989]" started-at="2022-10-20T07:58:01Z" name="loginTest" finished-at="2022-10-20T07:58:17Z" duration-ms="15587" status="PASS">
          <reporter-output>
          </reporter-output>
        </test-method> <!-- loginTest -->
        <test-method is-config="true" signature="teardown()[pri:0, instance:com.mavenproject.testCases.TC_LoginTest_001@1198b989]" started-at="2022-10-20T07:58:17Z" name="teardown" finished-at="2022-10-20T07:58:17Z" duration-ms="109" status="PASS">
          <reporter-output>
          </reporter-output>
        </test-method> <!-- teardown -->
      </class> <!-- com.mavenproject.testCases.TC_LoginTest_001 -->
    </test> <!-- Test1 -->
  </suite> <!-- MavenProject -->
</testng-results>
